
> api@0.0.1 build
> nest build

src/institutions/institutions.controller.ts:192:31 - error TS2339: Property 'getDomains' does not exist on type 'InstitutionDomainService'.

192     return this.domainService.getDomains(institutionId);
                                  ~~~~~~~~~~
src/institutions/institutions.controller.ts:208:33 - error TS2339: Property 'getPendingApprovals' does not exist on type 'ApprovalService'.

208     return this.approvalService.getPendingApprovals(institutionId);
                                    ~~~~~~~~~~~~~~~~~~~
src/institutions/institutions.controller.ts:220:33 - error TS2339: Property 'processApproval' does not exist on type 'ApprovalService'.

220     return this.approvalService.processApproval(
                                    ~~~~~~~~~~~~~~~
src/institutions/institutions.controller.ts:237:28 - error TS2339: Property 'upsertConfig' does not exist on type 'SSOService'.

237     return this.ssoService.upsertConfig(institutionId, dto);
                               ~~~~~~~~~~~~
src/institutions/institutions.controller.ts:255:28 - error TS2339: Property 'upsertConfig' does not exist on type 'SSOService'.

255     return this.ssoService.upsertConfig(institutionId, dto);
                               ~~~~~~~~~~~~
src/institutions/institutions.controller.ts:262:28 - error TS2554: Expected 2 arguments, but got 1.

262     return this.ssoService.deleteConfig(institutionId);
                               ~~~~~~~~~~~~

  src/institutions/sso.service.ts:169:45
    169   async deleteConfig(institutionId: string, deletedBy: string) {
                                                    ~~~~~~~~~~~~~~~~~
    An argument for 'deletedBy' was not provided.
src/users/users.service.ts:42:17 - error TS2353: Object literal may only specify known properties, and 'settings' does not exist in type 'FamilySelect<DefaultArgs>'.

42                 settings: true,
                   ~~~~~~~~
src/users/users.service.ts:52:33 - error TS2339: Property 'memberships' does not exist on type '{ id: string; name: string; createdAt: Date; updatedAt: Date; email: string; ssoSubject: string; institutionId: string; passwordHash: string; passwordResetToken: string; passwordResetExpires: Date; ... 13 more ...; ssoProvider: string; }'.

52     const familySettings = user.memberships[0]?.family?.settings as any;
                                   ~~~~~~~~~~~
src/users/users.service.ts:57:27 - error TS2339: Property 'institutionMemberships' does not exist on type '{ id: string; name: string; createdAt: Date; updatedAt: Date; email: string; ssoSubject: string; institutionId: string; passwordHash: string; passwordResetToken: string; passwordResetExpires: Date; ... 13 more ...; ssoProvider: string; }'.

57       institutionId: user.institutionMemberships[0]?.institutionId,
                             ~~~~~~~~~~~~~~~~~~~~~~
src/users/users.service.ts:58:29 - error TS2339: Property 'institutionMemberships' does not exist on type '{ id: string; name: string; createdAt: Date; updatedAt: Date; email: string; ssoSubject: string; institutionId: string; passwordHash: string; passwordResetToken: string; passwordResetExpires: Date; ... 13 more ...; ssoProvider: string; }'.

58       institutionRole: user.institutionMemberships[0]?.role,
                               ~~~~~~~~~~~~~~~~~~~~~~
src/users/users.service.ts:59:22 - error TS2339: Property 'memberships' does not exist on type '{ id: string; name: string; createdAt: Date; updatedAt: Date; email: string; ssoSubject: string; institutionId: string; passwordHash: string; passwordResetToken: string; passwordResetExpires: Date; ... 13 more ...; ssoProvider: string; }'.

59       familyId: user.memberships[0]?.familyId,
                        ~~~~~~~~~~~
src/users/users.service.ts:60:24 - error TS2339: Property 'memberships' does not exist on type '{ id: string; name: string; createdAt: Date; updatedAt: Date; email: string; ssoSubject: string; institutionId: string; passwordHash: string; passwordResetToken: string; passwordResetExpires: Date; ... 13 more ...; ssoProvider: string; }'.

60       familyRole: user.memberships[0]?.role,
                          ~~~~~~~~~~~
src/workers/email.worker.ts:31:52 - error TS2367: This comparison appears to be unintentional because the types 'FamilyRole' and '"PARENT"' have no overlap.

31       const parents = family.members.filter((m) => m.role === "PARENT");
                                                      ~~~~~~~~~~~~~~~~~~~
test/integrations.e2e-spec.ts:31:7 - error TS2322: Type '{ email: string; name: string; passwordHash: string; role: "ADMIN"; }' is not assignable to type '(Without<UserCreateInput, UserUncheckedCreateInput> & UserUncheckedCreateInput) | (Without<...> & UserCreateInput)'.
  Type '{ email: string; name: string; passwordHash: string; role: "ADMIN"; }' is not assignable to type 'Without<UserUncheckedCreateInput, UserCreateInput> & UserCreateInput'.
    Property 'schoolingLevel' is missing in type '{ email: string; name: string; passwordHash: string; role: "ADMIN"; }' but required in type 'UserCreateInput'.

31       create: {
         ~~~~~~

  node_modules/.prisma/client/index.d.ts:92065:5
    92065     schoolingLevel: string
              ~~~~~~~~~~~~~~
    'schoolingLevel' is declared here.
  node_modules/.prisma/client/index.d.ts:16508:5
    16508     create: XOR<UserCreateInput, UserUncheckedCreateInput>
              ~~~~~~
    The expected type comes from property 'create' which is declared here on type '{ select?: UserSelect<DefaultArgs>; include?: UserInclude<DefaultArgs>; where: UserWhereUniqueInput; create: (Without<...> & UserUncheckedCreateInput) | (Without<...> & UserCreateInput); update: (Without<...> & UserUncheckedUpdateInput) | (Without<...> & UserUpdateInput); }'
test/integrations.e2e-spec.ts:49:9 - error TS2561: Object literal may only specify known properties, but 'domain' does not exist in type '(Without<InstitutionCreateInput, InstitutionUncheckedCreateInput> & InstitutionUncheckedCreateInput) | (Without<...> & InstitutionCreateInput)'. Did you mean to write 'domains'?

49         domain: "e2e.edu",
           ~~~~~~

  node_modules/.prisma/client/index.d.ts:9906:5
    9906     data: XOR<InstitutionCreateInput, InstitutionUncheckedCreateInput>
             ~~~~
    The expected type comes from property 'data' which is declared here on type '{ select?: InstitutionSelect<DefaultArgs>; include?: InstitutionInclude<DefaultArgs>; data: (Without<InstitutionCreateInput, InstitutionUncheckedCreateInput> & InstitutionUncheckedCreateInput) | (Without<...> & InstitutionCreateInput); }'
test/integrations.e2e-spec.ts:54:7 - error TS2322: Type '{ email: string; name: string; role: "INSTITUTION_ADMIN"; institutionMemberships: { create: { institutionId: string; role: "ADMIN"; status: "ACTIVE"; }; }; }' is not assignable to type '(Without<UserCreateInput, UserUncheckedCreateInput> & UserUncheckedCreateInput) | (Without<...> & UserCreateInput)'.
  Type '{ email: string; name: string; role: "INSTITUTION_ADMIN"; institutionMemberships: { create: { institutionId: string; role: "ADMIN"; status: "ACTIVE"; }; }; }' is not assignable to type 'Without<UserUncheckedCreateInput, UserCreateInput> & UserCreateInput'.
    Property 'schoolingLevel' is missing in type '{ email: string; name: string; role: "INSTITUTION_ADMIN"; institutionMemberships: { create: { institutionId: string; role: "ADMIN"; status: "ACTIVE"; }; }; }' but required in type 'UserCreateInput'.

54       data: {
         ~~~~

  node_modules/.prisma/client/index.d.ts:92065:5
    92065     schoolingLevel: string
              ~~~~~~~~~~~~~~
    'schoolingLevel' is declared here.
  node_modules/.prisma/client/index.d.ts:16420:5
    16420     data: XOR<UserCreateInput, UserUncheckedCreateInput>
              ~~~~
    The expected type comes from property 'data' which is declared here on type '{ select?: UserSelect<DefaultArgs>; include?: UserInclude<DefaultArgs>; data: (Without<UserCreateInput, UserUncheckedCreateInput> & UserUncheckedCreateInput) | (Without<...> & UserCreateInput); }'

Found 16 error(s).

