{"numFailedTestSuites":1,"numFailedTests":3,"numPassedTestSuites":0,"numPassedTests":10,"numPendingTestSuites":0,"numPendingTests":0,"numRuntimeErrorTestSuites":0,"numTodoTests":0,"numTotalTestSuites":1,"numTotalTests":13,"openHandles":[],"snapshot":{"added":0,"didUpdate":false,"failure":false,"filesAdded":0,"filesRemoved":0,"filesRemovedList":[],"filesUnmatched":0,"filesUpdated":0,"matched":0,"total":0,"unchecked":0,"uncheckedKeysByFile":[],"unmatched":0,"updated":0},"startTime":1766560801638,"success":false,"testResults":[{"assertionResults":[{"ancestorTitles":["Institutional Registration (Integration)","Setup: Create Admin User and Institution"],"duration":184,"failureDetails":[],"failureMessages":[],"fullName":"Institutional Registration (Integration) Setup: Create Admin User and Institution should register admin user","invocations":1,"location":null,"numPassingAsserts":1,"retryReasons":[],"status":"passed","title":"should register admin user"},{"ancestorTitles":["Institutional Registration (Integration)","Setup: Create Admin User and Institution"],"duration":18,"failureDetails":[],"failureMessages":[],"fullName":"Institutional Registration (Integration) Setup: Create Admin User and Institution should create institution","invocations":1,"location":null,"numPassingAsserts":1,"retryReasons":[],"status":"passed","title":"should create institution"},{"ancestorTitles":["Institutional Registration (Integration)","POST /institutions/:id/invites - Invite Flow"],"duration":34,"failureDetails":[],"failureMessages":[],"fullName":"Institutional Registration (Integration) POST /institutions/:id/invites - Invite Flow should create institution invite","invocations":1,"location":null,"numPassingAsserts":3,"retryReasons":[],"status":"passed","title":"should create institution invite"},{"ancestorTitles":["Institutional Registration (Integration)","POST /institutions/:id/invites - Invite Flow"],"duration":73,"failureDetails":[{}],"failureMessages":["TypeError: Cannot read properties of null (reading 'role')\n    at Object.<anonymous> (C:\\projects\\aprendeai-app\\services\\api\\test\\integration\\institutions.integration.spec.ts:156:21)"],"fullName":"Institutional Registration (Integration) POST /institutions/:id/invites - Invite Flow should register user with invite token","invocations":1,"location":null,"numPassingAsserts":2,"retryReasons":[],"status":"failed","title":"should register user with invite token"},{"ancestorTitles":["Institutional Registration (Integration)","POST /institutions/:id/invites - Invite Flow"],"duration":3,"failureDetails":[{"matcherResult":{"message":"\u001b[2mexpect(\u001b[22m\u001b[31mreceived\u001b[39m\u001b[2m).\u001b[22mnot\u001b[2m.\u001b[22mtoBeNull\u001b[2m()\u001b[22m\n\nReceived: \u001b[31mnull\u001b[39m","pass":true}}],"failureMessages":["Error: \u001b[2mexpect(\u001b[22m\u001b[31mreceived\u001b[39m\u001b[2m).\u001b[22mnot\u001b[2m.\u001b[22mtoBeNull\u001b[2m()\u001b[22m\n\nReceived: \u001b[31mnull\u001b[39m\n    at Object.<anonymous> (C:\\projects\\aprendeai-app\\services\\api\\test\\integration\\institutions.integration.spec.ts:165:33)"],"fullName":"Institutional Registration (Integration) POST /institutions/:id/invites - Invite Flow should mark invite as used","invocations":1,"location":null,"numPassingAsserts":0,"retryReasons":[],"status":"failed","title":"should mark invite as used"},{"ancestorTitles":["Institutional Registration (Integration)","POST /institutions/:id/domains - Domain Flow"],"duration":17,"failureDetails":[],"failureMessages":[],"fullName":"Institutional Registration (Integration) POST /institutions/:id/domains - Domain Flow should add domain with auto-approve","invocations":1,"location":null,"numPassingAsserts":2,"retryReasons":[],"status":"passed","title":"should add domain with auto-approve"},{"ancestorTitles":["Institutional Registration (Integration)","POST /institutions/:id/domains - Domain Flow"],"duration":90,"failureDetails":[],"failureMessages":[],"fullName":"Institutional Registration (Integration) POST /institutions/:id/domains - Domain Flow should auto-approve registration for domain email","invocations":1,"location":null,"numPassingAsserts":4,"retryReasons":[],"status":"passed","title":"should auto-approve registration for domain email"},{"ancestorTitles":["Institutional Registration (Integration)","POST /institutions/:id/pending - Manual Approval Flow"],"duration":87,"failureDetails":[],"failureMessages":[],"fullName":"Institutional Registration (Integration) POST /institutions/:id/pending - Manual Approval Flow should create pending approval instead of user","invocations":1,"location":null,"numPassingAsserts":5,"retryReasons":[],"status":"passed","title":"should create pending approval instead of user"},{"ancestorTitles":["Institutional Registration (Integration)","POST /institutions/:id/pending - Manual Approval Flow"],"duration":14,"failureDetails":[],"failureMessages":[],"fullName":"Institutional Registration (Integration) POST /institutions/:id/pending - Manual Approval Flow should list pending approvals","invocations":1,"location":null,"numPassingAsserts":3,"retryReasons":[],"status":"passed","title":"should list pending approvals"},{"ancestorTitles":["Institutional Registration (Integration)","POST /institutions/:id/pending - Manual Approval Flow"],"duration":42,"failureDetails":[],"failureMessages":[],"fullName":"Institutional Registration (Integration) POST /institutions/:id/pending - Manual Approval Flow should approve pending user","invocations":1,"location":null,"numPassingAsserts":6,"retryReasons":[],"status":"passed","title":"should approve pending user"},{"ancestorTitles":["Institutional Registration (Integration)","DELETE /institutions/:id/invites/:inviteId - Cancel Invite"],"duration":19,"failureDetails":[],"failureMessages":[],"fullName":"Institutional Registration (Integration) DELETE /institutions/:id/invites/:inviteId - Cancel Invite should cancel invitation","invocations":1,"location":null,"numPassingAsserts":1,"retryReasons":[],"status":"passed","title":"should cancel invitation"},{"ancestorTitles":["Institutional Registration (Integration)","GET /institutions/:id/invites - List Invites"],"duration":11,"failureDetails":[{"matcherResult":{"message":"\u001b[2mexpect(\u001b[22m\u001b[31mreceived\u001b[39m\u001b[2m).\u001b[22mnot\u001b[2m.\u001b[22mtoBeNull\u001b[2m()\u001b[22m\n\nReceived: \u001b[31mnull\u001b[39m","pass":true}}],"failureMessages":["Error: \u001b[2mexpect(\u001b[22m\u001b[31mreceived\u001b[39m\u001b[2m).\u001b[22mnot\u001b[2m.\u001b[22mtoBeNull\u001b[2m()\u001b[22m\n\nReceived: \u001b[31mnull\u001b[39m\n    at Object.<anonymous> (C:\\projects\\aprendeai-app\\services\\api\\test\\integration\\institutions.integration.spec.ts:345:40)\n    at processTicksAndRejections (node:internal/process/task_queues:105:5)"],"fullName":"Institutional Registration (Integration) GET /institutions/:id/invites - List Invites should list all invites for institution","invocations":1,"location":null,"numPassingAsserts":2,"retryReasons":[],"status":"failed","title":"should list all invites for institution"},{"ancestorTitles":["Institutional Registration (Integration)","GET /institutions/:id/domains - List Domains"],"duration":10,"failureDetails":[],"failureMessages":[],"fullName":"Institutional Registration (Integration) GET /institutions/:id/domains - List Domains should list all domains for institution","invocations":1,"location":null,"numPassingAsserts":3,"retryReasons":[],"status":"passed","title":"should list all domains for institution"}],"endTime":1766560808454,"message":"\u001b[1m\u001b[31m  \u001b[1m● \u001b[22m\u001b[1mInstitutional Registration (Integration) › POST /institutions/:id/invites - Invite Flow › should register user with invite token\u001b[39m\u001b[22m\n\n    TypeError: Cannot read properties of null (reading 'role')\n\u001b[2m\u001b[22m\n\u001b[2m    \u001b[0m \u001b[90m 154 |\u001b[39m\u001b[22m\n\u001b[2m     \u001b[90m 155 |\u001b[39m       expect(member)\u001b[33m.\u001b[39mtoBeDefined()\u001b[33m;\u001b[39m\u001b[22m\n\u001b[2m    \u001b[31m\u001b[1m>\u001b[22m\u001b[2m\u001b[39m\u001b[90m 156 |\u001b[39m       expect(member\u001b[33m.\u001b[39mrole)\u001b[33m.\u001b[39mtoBe(\u001b[32m'TEACHER'\u001b[39m)\u001b[33m;\u001b[39m\u001b[22m\n\u001b[2m     \u001b[90m     |\u001b[39m                     \u001b[31m\u001b[1m^\u001b[22m\u001b[2m\u001b[39m\u001b[22m\n\u001b[2m     \u001b[90m 157 |\u001b[39m       expect(member\u001b[33m.\u001b[39mstatus)\u001b[33m.\u001b[39mtoBe(\u001b[32m'ACTIVE'\u001b[39m)\u001b[33m;\u001b[39m\u001b[22m\n\u001b[2m     \u001b[90m 158 |\u001b[39m     })\u001b[33m;\u001b[39m\u001b[22m\n\u001b[2m     \u001b[90m 159 |\u001b[39m\u001b[0m\u001b[22m\n\u001b[2m\u001b[22m\n\u001b[2m      \u001b[2mat Object.<anonymous> (\u001b[22m\u001b[2m\u001b[0m\u001b[36mtest/integration/institutions.integration.spec.ts\u001b[39m\u001b[0m\u001b[2m:156:21)\u001b[22m\u001b[2m\u001b[22m\n\n\u001b[1m\u001b[31m  \u001b[1m● \u001b[22m\u001b[1mInstitutional Registration (Integration) › POST /institutions/:id/invites - Invite Flow › should mark invite as used\u001b[39m\u001b[22m\n\n    \u001b[2mexpect(\u001b[22m\u001b[31mreceived\u001b[39m\u001b[2m).\u001b[22mnot\u001b[2m.\u001b[22mtoBeNull\u001b[2m()\u001b[22m\n\n    Received: \u001b[31mnull\u001b[39m\n\u001b[2m\u001b[22m\n\u001b[2m    \u001b[0m \u001b[90m 163 |\u001b[39m       })\u001b[33m;\u001b[39m\u001b[22m\n\u001b[2m     \u001b[90m 164 |\u001b[39m\u001b[22m\n\u001b[2m    \u001b[31m\u001b[1m>\u001b[22m\u001b[2m\u001b[39m\u001b[90m 165 |\u001b[39m       expect(invite\u001b[33m.\u001b[39musedAt)\u001b[33m.\u001b[39mnot\u001b[33m.\u001b[39mtoBeNull()\u001b[33m;\u001b[39m\u001b[22m\n\u001b[2m     \u001b[90m     |\u001b[39m                                 \u001b[31m\u001b[1m^\u001b[22m\u001b[2m\u001b[39m\u001b[22m\n\u001b[2m     \u001b[90m 166 |\u001b[39m     })\u001b[33m;\u001b[39m\u001b[22m\n\u001b[2m     \u001b[90m 167 |\u001b[39m   })\u001b[33m;\u001b[39m\u001b[22m\n\u001b[2m     \u001b[90m 168 |\u001b[39m\u001b[0m\u001b[22m\n\u001b[2m\u001b[22m\n\u001b[2m      \u001b[2mat Object.<anonymous> (\u001b[22m\u001b[2m\u001b[0m\u001b[36mtest/integration/institutions.integration.spec.ts\u001b[39m\u001b[0m\u001b[2m:165:33)\u001b[22m\u001b[2m\u001b[22m\n\n\u001b[1m\u001b[31m  \u001b[1m● \u001b[22m\u001b[1mInstitutional Registration (Integration) › GET /institutions/:id/invites - List Invites › should list all invites for institution\u001b[39m\u001b[22m\n\n    \u001b[2mexpect(\u001b[22m\u001b[31mreceived\u001b[39m\u001b[2m).\u001b[22mnot\u001b[2m.\u001b[22mtoBeNull\u001b[2m()\u001b[22m\n\n    Received: \u001b[31mnull\u001b[39m\n\u001b[2m\u001b[22m\n\u001b[2m    \u001b[0m \u001b[90m 343 |\u001b[39m       \u001b[36mconst\u001b[39m teacherInvite \u001b[33m=\u001b[39m response\u001b[33m.\u001b[39mbody\u001b[33m.\u001b[39mfind(i \u001b[33m=>\u001b[39m i\u001b[33m.\u001b[39memail \u001b[33m===\u001b[39m \u001b[32m'teacher@inst-test.com'\u001b[39m)\u001b[33m;\u001b[39m\u001b[22m\n\u001b[2m     \u001b[90m 344 |\u001b[39m       expect(teacherInvite)\u001b[33m.\u001b[39mtoBeDefined()\u001b[33m;\u001b[39m\u001b[22m\n\u001b[2m    \u001b[31m\u001b[1m>\u001b[22m\u001b[2m\u001b[39m\u001b[90m 345 |\u001b[39m       expect(teacherInvite\u001b[33m.\u001b[39musedAt)\u001b[33m.\u001b[39mnot\u001b[33m.\u001b[39mtoBeNull()\u001b[33m;\u001b[39m\u001b[22m\n\u001b[2m     \u001b[90m     |\u001b[39m                                        \u001b[31m\u001b[1m^\u001b[22m\u001b[2m\u001b[39m\u001b[22m\n\u001b[2m     \u001b[90m 346 |\u001b[39m     })\u001b[33m;\u001b[39m\u001b[22m\n\u001b[2m     \u001b[90m 347 |\u001b[39m   })\u001b[33m;\u001b[39m\u001b[22m\n\u001b[2m     \u001b[90m 348 |\u001b[39m\u001b[0m\u001b[22m\n\u001b[2m\u001b[22m\n\u001b[2m      \u001b[2mat Object.<anonymous> (\u001b[22m\u001b[2m\u001b[0m\u001b[36mtest/integration/institutions.integration.spec.ts\u001b[39m\u001b[0m\u001b[2m:345:40)\u001b[22m\u001b[2m\u001b[22m\n","name":"C:\\projects\\aprendeai-app\\services\\api\\test\\integration\\institutions.integration.spec.ts","startTime":1766560801838,"status":"failed","summary":""}],"wasInterrupted":false}
