FAIL test/unit/billing/entitlements.service.spec.ts
  ‚óè Test suite failed to run

    test/unit/billing/entitlements.service.spec.ts:2:50 - error TS2307: Cannot find module '../../../../src/billing/entitlements.service' or its corresponding type declarations.

    2 import { EntitlementsService, FREE_LIMITS } from "../../../../src/billing/entitlements.service";
                                                       ~~~~~~~~~~~~~~~~~~~~~~~~~~~~~~~~~~~~~~~~~~~~~~
    test/unit/billing/entitlements.service.spec.ts:3:37 - error TS2307: Cannot find module '../../../../src/billing/subscription.service' or its corresponding type declarations.

    3 import { SubscriptionService } from "../../../../src/billing/subscription.service";
                                          ~~~~~~~~~~~~~~~~~~~~~~~~~~~~~~~~~~~~~~~~~~~~~~
    test/unit/billing/entitlements.service.spec.ts:4:31 - error TS2307: Cannot find module '../../../../src/prisma/prisma.service' or its corresponding type declarations.

    4 import { PrismaService } from "../../../../src/prisma/prisma.service";
                                    ~~~~~~~~~~~~~~~~~~~~~~~~~~~~~~~~~~~~~~~

Test Suites: 1 failed, 1 total
Tests:       0 total
Snapshots:   0 total
Time:        5.185 s
Ran all test suites matching /test\\unit\\billing\\entitlements.service.spec.ts/i.
